--------------------------------------------------------------------------------
      name:  <unnamed>
       log:  /Users/benson/Desktop/econ_analysis/health_analysis/output/dt_clean
> ing.log
  log type:  text
 opened on:   7 Apr 2026, 23:49:39

. 
. *** Load the dataset
. use "data/dhs_raw_extrac.dta", clear

. 
. browse // Quick view of the dataset

. describe // Check dataset size and variable descriptions

Contains data from data/dhs_raw_extrac.dta
 Observations:         3,609                  
    Variables:            17                  02 Apr 2026 00:17
--------------------------------------------------------------------------------
Variable      Storage   Display    Value
    name         type    format    label      Variable label
--------------------------------------------------------------------------------
v001            double  %8.0g                 Cluster number
v002            double  %8.0g                 Household number
v003            double  %8.0g                 Respondent's line number
birth_slot      long    %12.0g                
child_alive     double  %8.0g      child_alive
                                              Child is alive
child_sex       double  %8.0g      child_sex
                                              Sex of child
birth_order     double  %10.0g                
anc_visits      double  %22.0g     anc_visits
                                              Number of antenatal visits during
                                                pregnancy
bweight         double  %26.0g     bweight    Birth weight in kilograms (3
                                                decimals)
ch_discarge     double  %13.0g     ch_discarge
                                              Child's health checked before
                                                discharge
bflength        double  %43.0g     bflength   Duration of breastfeeding
ch_residence    double  %15.0g     ch_residence
                                              Child lives with whom
v025            double  %8.0g      v025       Type of place of residence
v190            double  %10.0g     v190       Wealth index combined
v113            double  %73.0f     v113       Source of drinking water
v012            double  %18.0g     v012       Respondent's current age
v106            double  %15.0g     v106       Highest educational level
--------------------------------------------------------------------------------
Sorted by: 

. * The dataset has 3609 observations and 17 variables. There is a need to renam
> e the variables, clean sentinel codes, recode some observations, and create re
> name lables.
. 
. drop birth_slot // The birth_slot variable does not exist in the original DHS 
> data file. It was created during the data extraction phase to ease reshaping a
> nd merging.

. 
. 
. *** Rename the variables to meaningful names
. rename v001 cluster_no

. rename v002 hs_no

. rename v003 Resp_line

. rename child_sex gender

. rename birth_order birthr

. rename v025 location

. rename v190 wealth_index

. rename v113 water_source

. rename v012 mage

. rename v106 meduc

. 
. 
. *** Change variable labels
. label variable child_alive "Child is Alive"

. label variable gender "Gender"

. label variable birthr "Birth Order"

. label variable bweight "Birth Weight(in grams)"

. label variable ch_discarge "Child Health Checked Before Discharge"

. label variable ch_residence "Child'Lives With Whom?"

. label variable location "location"

. label variable mage "Mother's current age"

. label variable meduc "Mother's Level of Education"

. label variable wealth_index "Household Wealth Index"

. 
. 
. *** Checking missing observations
. 
. foreach var of varlist child_alive gender birthr ///
> anc_visits bweight ch_discarge ///
> bflength ch_residence location ///
> wealth_index mage water_source meduc {
  2.         quietly count if missing(`var')
  3.         local pct = round(`r(N)' / _N * 100, 0.1)
  4.         di "`var': `r(N)' missing (`pct'%)"
  5. }
child_alive: 0 missing (0%)
gender: 0 missing (0%)
birthr: 0 missing (0%)
anc_visits: 2835 missing (78.60000000000001%)
bweight: 2710 missing (75.10000000000001%)
ch_discarge: 2903 missing (80.40000000000001%)
bflength: 2731 missing (75.7%)
ch_residence: 234 missing (6.5%)
location: 0 missing (0%)
wealth_index: 0 missing (0%)
mage: 0 missing (0%)
water_source: 2 missing (.1%)
meduc: 0 missing (0%)

. * Most variables have a huge percentage of missing observations.
. 
. misstable summarize // Returns a tabular presentation of missing observations.
                                                               Obs<.
                                                +------------------------------
               |                                | Unique
      Variable |     Obs=.     Obs>.     Obs<.  | values        Min         Max
  -------------+--------------------------------+------------------------------
    anc_visits |     2,835                 774  |     12          0          98
       bweight |     2,710                 899  |     46       1000        9998
   ch_discarge |     2,903                 706  |      3          0           8
      bflength |     2,731                 878  |      3         93          95
  ch_residence |       234               3,375  |      2          0           4
  water_source |         2               3,607  |     16         11          96
  -----------------------------------------------------------------------------

. 
. 
. *** Cleaning and recoding variables
. 
. * anc_visits - numbeer of antenatal visits during pregnancy
. 
. tabulate anc_visits // Returns a table that enables easy detection of sentinel
>  code. For example, 98 in anc_visits is a code for "Don't know"

   Number of antenatal |
         visits during |
             pregnancy |      Freq.     Percent        Cum.
-----------------------+-----------------------------------
0. No antenatal visits |         14        1.81        1.81
                     1 |         11        1.42        3.23
                     2 |         38        4.91        8.14
                     3 |        146       18.86       27.00
                     4 |        237       30.62       57.62
                     5 |        121       15.63       73.26
                     6 |        120       15.50       88.76
                     7 |         39        5.04       93.80
                     8 |         39        5.04       98.84
                     9 |          5        0.65       99.48
                    10 |          1        0.13       99.61
        98. Don't know |          3        0.39      100.00
-----------------------+-----------------------------------
                 Total |        774      100.00

. 
. replace anc_visits = . if anc_visits == 98 // Replaces the sentinel code with 
> missing
(3 real changes made, 3 to missing)

. 
. * Create a categorical variable from anc_visits following World Health Organis
> ation (WHO) recommendation of at least 4 antenatal visits.
. 
. generate anc_cat = . // generates a variable anc_cat
(3,609 missing values generated)

. replace anc_cat = 0 if anc_visits == 0 
(14 real changes made)

. replace anc_cat = 1 if anc_visits >= 1 & anc_visits <= 3 
(195 real changes made)

. replace anc_cat = 2 if anc_visits >= 4 & anc_visits <= 10 
(562 real changes made)

. replace anc_visits = . if anc_visits > 10
(0 real changes made)

. 
. label define anc_labels /// 
> 0 "No visits" 1 "1-3 Visits (Inadequate)" 2 "4+ Visits (Adequate)" // defines 
> labels

. label values anc_cat anc_labels // adds the labels to anc_cat variable

. label variable anc_cat "Antenatal visits (0 = No visits)" // adds variable lab
> els

. tab anc_visits anc_cat, missing // verifies if recoding is successful. Variabl
> e recoded successfully.

  Number of antenatal |
        visits during |      Antenatal visits (0 = No visits)
            pregnancy | No visits  1-3 Visit  4+ Visits          . |     Total
----------------------+--------------------------------------------+----------
0. No antenatal visit |        14          0          0          0 |        14 
                    1 |         0         11          0          0 |        11 
                    2 |         0         38          0          0 |        38 
                    3 |         0        146          0          0 |       146 
                    4 |         0          0        237          0 |       237 
                    5 |         0          0        121          0 |       121 
                    6 |         0          0        120          0 |       120 
                    7 |         0          0         39          0 |        39 
                    8 |         0          0         39          0 |        39 
                    9 |         0          0          5          0 |         5 
                   10 |         0          0          1          0 |         1 
                    . |         0          0          0      2,838 |     2,838 
----------------------+--------------------------------------------+----------
                Total |        14        195        562      2,838 |     3,609 

. 
. * Create a binary variable out of the anc_cat variable. Antenatal visits below
>  3 are recoded as inadequate and beyond 4 as adequate. WHO recommends at least
>  4 antenatal visits during pregnancy.
. generate anc_inad = . // generates a variable anc_inad
(3,609 missing values generated)

. replace anc_inad = 0 if anc_visits >= 0 & anc_visits <= 3
(209 real changes made)

. replace anc_inad = 1 if anc_visits >= 4 & anc_visits <= 10
(562 real changes made)

. 
. label define anc_lbl 0 "Inadequate visits (<4)" 1 "Adequate visits (4+)"

. label values anc_inad anc_lbl

. tab anc_visits anc_inad, missing // Recoding is successful

  Number of antenatal |
        visits during |             anc_inad
            pregnancy | Inadequat  Adequate           . |     Total
----------------------+---------------------------------+----------
0. No antenatal visit |        14          0          0 |        14 
                    1 |        11          0          0 |        11 
                    2 |        38          0          0 |        38 
                    3 |       146          0          0 |       146 
                    4 |         0        237          0 |       237 
                    5 |         0        121          0 |       121 
                    6 |         0        120          0 |       120 
                    7 |         0         39          0 |        39 
                    8 |         0         39          0 |        39 
                    9 |         0          5          0 |         5 
                   10 |         0          1          0 |         1 
                    . |         0          0      2,838 |     2,838 
----------------------+---------------------------------+----------
                Total |       209        562      2,838 |     3,609 

. label variable anc_inad "Antenatal visits (0 = Inadequate visits)"

. 
. 
. *** Cleaning and recoding the child_alive variable
. 
. tabulate child_alive // Variable recoded as 0 = No and 1 = Yes. 

   Child is |
      Alive |      Freq.     Percent        Cum.
------------+-----------------------------------
         No |        234        6.48        6.48
        Yes |      3,375       93.52      100.00
------------+-----------------------------------
      Total |      3,609      100.00

. 
. * Create a new variable "child_died" recorded as 0 = Alive and 1 = Died
. generate child_died = . // generates a variable child_died
(3,609 missing values generated)

. replace child_died = 1 if child_alive == 0 
(234 real changes made)

. replace child_died = 0 if child_alive == 1
(3,375 real changes made)

. 
. label define died_lbl 0 "Alive" 1 "Died" // defines variable labels

. label values child_died died_lbl

. tabulate child_alive child_died, missing // verifies recoding success: Recodin
> g successful

  Child is |      child_died
     Alive |     Alive       Died |     Total
-----------+----------------------+----------
        No |         0        234 |       234 
       Yes |     3,375          0 |     3,375 
-----------+----------------------+----------
     Total |     3,375        234 |     3,609 

. label variable child_died "Child Died (0 = Died, 1 = Alive)" // adds a variabl
> e label

. 
. 
. *** Cleaning and recoding the gender variable
. 
. tabulate gender // variables recoded as 1. Boy and 2.Girl. Recoded to 1 = Boy 
> and 0 = Girl.

     Gender |      Freq.     Percent        Cum.
------------+-----------------------------------
     1. Boy |      1,787       49.52       49.52
    2. Girl |      1,822       50.48      100.00
------------+-----------------------------------
      Total |      3,609      100.00

. generate child_sex = . // generates new variable child_sex
(3,609 missing values generated)

. replace child_sex = 1 if gender == 1
(1,787 real changes made)

. replace child_sex = 0 if gender == 2
(1,822 real changes made)

. 
. label define chil_lbl 0 "Girl" 1 "Boy" // defines variable labels

. label values child_sex chil_lbl // adds labels

. tab gender child_sex, missing // verifies recode success: Recode successful

           |       child_sex
    Gender |      Girl        Boy |     Total
-----------+----------------------+----------
    1. Boy |         0      1,787 |     1,787 
   2. Girl |     1,822          0 |     1,822 
-----------+----------------------+----------
     Total |     1,822      1,787 |     3,609 

. label variable child_sex "Child's Gender (1 = Boy, 0 = Girl)"

. 
. 
. *** Cleaning and recoding birth weight variable
. 
. tabulate bweight // It contains sentinel codes: 9998 (don't know) and 9996 (no
> t weighted at birth). These are recoded to missing observations below:

    Birth Weight(in grams) |      Freq.     Percent        Cum.
---------------------------+-----------------------------------
                      1000 |          2        0.22        0.22
                      1300 |          1        0.11        0.33
                      1400 |          2        0.22        0.56
                      1500 |          3        0.33        0.89
                      1600 |          2        0.22        1.11
                      1800 |          1        0.11        1.22
                      1900 |          2        0.22        1.45
                      2000 |         32        3.56        5.01
                      2100 |          5        0.56        5.56
                      2200 |          5        0.56        6.12
                      2300 |          7        0.78        6.90
                      2400 |          5        0.56        7.45
                      2500 |         43        4.78       12.24
                      2600 |         18        2.00       14.24
                      2700 |         19        2.11       16.35
                      2800 |         27        3.00       19.35
                      2810 |          1        0.11       19.47
                      2900 |         36        4.00       23.47
                      2980 |          1        0.11       23.58
                      3000 |        155       17.24       40.82
                      3100 |         17        1.89       42.71
                      3150 |          1        0.11       42.83
                      3200 |         38        4.23       47.05
                      3300 |         36        4.00       51.06
                      3400 |         23        2.56       53.62
                      3500 |         88        9.79       63.40
                      3600 |         19        2.11       65.52
                      3700 |         19        2.11       67.63
                      3800 |         29        3.23       70.86
                      3900 |         13        1.45       72.30
                      4000 |         40        4.45       76.75
                      4100 |          6        0.67       77.42
                      4200 |          8        0.89       78.31
                      4300 |          4        0.44       78.75
                      4450 |          1        0.11       78.87
                      4500 |          8        0.89       79.76
                      4600 |          2        0.22       79.98
                      4700 |          1        0.11       80.09
                      4800 |          2        0.22       80.31
                      4900 |          2        0.22       80.53
                      5000 |          9        1.00       81.54
                      5200 |          2        0.22       81.76
                      5300 |          1        0.11       81.87
                      6000 |          4        0.44       82.31
9996. not weighed at birth |        157       17.46       99.78
          9998. don't know |          2        0.22      100.00
---------------------------+-----------------------------------
                     Total |        899      100.00

. replace bweight = . if bweight == 9996
(157 real changes made, 157 to missing)

. replace bweight = . if bweight == 9998
(2 real changes made, 2 to missing)

. 
. * Create a birth weight categorical variable, following WHO's child's weight c
> ategories
. generate bweight_cat = . // generates a variable bweight_cat
(3,609 missing values generated)

. * recode observations
. replace bweight_cat = 1 if bweight < 2500 & !missing(bweight)
(67 real changes made)

. replace bweight_cat = 2 if bweight >= 2500 & bweight < 4000
(583 real changes made)

. replace bweight_cat = 3 if bweight >= 4000 & !missing(bweight)
(90 real changes made)

. 
. * define variable labels
. label define b_lbl ///
> 1 "Low birthweight (< 2500)" 2 "Normal (2500 - 3999)" 3 "High (>4000)"

. label values bweight_cat b_lbl // adds label values

. 
. * verify:
. tabulate bweight bweight_cat, missing

      Birth Weight(in |                 bweight_cat
               grams) | Low birth  Normal (2  High (>40          . |     Total
----------------------+--------------------------------------------+----------
                 1000 |         2          0          0          0 |         2 
                 1300 |         1          0          0          0 |         1 
                 1400 |         2          0          0          0 |         2 
                 1500 |         3          0          0          0 |         3 
                 1600 |         2          0          0          0 |         2 
                 1800 |         1          0          0          0 |         1 
                 1900 |         2          0          0          0 |         2 
                 2000 |        32          0          0          0 |        32 
                 2100 |         5          0          0          0 |         5 
                 2200 |         5          0          0          0 |         5 
                 2300 |         7          0          0          0 |         7 
                 2400 |         5          0          0          0 |         5 
                 2500 |         0         43          0          0 |        43 
                 2600 |         0         18          0          0 |        18 
                 2700 |         0         19          0          0 |        19 
                 2800 |         0         27          0          0 |        27 
                 2810 |         0          1          0          0 |         1 
                 2900 |         0         36          0          0 |        36 
                 2980 |         0          1          0          0 |         1 
                 3000 |         0        155          0          0 |       155 
                 3100 |         0         17          0          0 |        17 
                 3150 |         0          1          0          0 |         1 
                 3200 |         0         38          0          0 |        38 
                 3300 |         0         36          0          0 |        36 
                 3400 |         0         23          0          0 |        23 
                 3500 |         0         88          0          0 |        88 
                 3600 |         0         19          0          0 |        19 
                 3700 |         0         19          0          0 |        19 
                 3800 |         0         29          0          0 |        29 
                 3900 |         0         13          0          0 |        13 
                 4000 |         0          0         40          0 |        40 
                 4100 |         0          0          6          0 |         6 
                 4200 |         0          0          8          0 |         8 
                 4300 |         0          0          4          0 |         4 
                 4450 |         0          0          1          0 |         1 
                 4500 |         0          0          8          0 |         8 
                 4600 |         0          0          2          0 |         2 
                 4700 |         0          0          1          0 |         1 
                 4800 |         0          0          2          0 |         2 
                 4900 |         0          0          2          0 |         2 
                 5000 |         0          0          9          0 |         9 
                 5200 |         0          0          2          0 |         2 
                 5300 |         0          0          1          0 |         1 
                 6000 |         0          0          4          0 |         4 
                    . |         0          0          0      2,869 |     2,869 
----------------------+--------------------------------------------+----------
                Total |        67        583         90      2,869 |     3,609 

. * add variable labels
. label variable bweight_cat "Birth Weight (1 = low birthweight)"

. 
. 
. *** Cleaning and recoding ch_discarge variable
. 
. codebook ch_discarge // there is a sentinel code 8 = Don't know.

--------------------------------------------------------------------------------
ch_discarge                                Child Health Checked Before Discharge
--------------------------------------------------------------------------------

                  Type: Numeric (double)
                 Label: ch_discarge

                 Range: [0,8]                         Units: 1
         Unique values: 3                         Missing .: 2,903/3,609

            Tabulation: Freq.   Numeric  Label
                          172         0  No
                          533         1  Yes
                            1         8  Don't know
                        2,903         .  

. replace ch_discarge = . if ch_discarge == 8 // recodes sentinel code 8 to a mi
> ssing
(1 real change made, 1 to missing)

. 
. 
. *** Cleaning and recoding bflength
. 
. codebook bflength // variable observations depicts status of breastfeeding not
>  duration

--------------------------------------------------------------------------------
bflength                                               Duration of breastfeeding
--------------------------------------------------------------------------------

                  Type: Numeric (double)
                 Label: bflength

                 Range: [93,95]                       Units: 1
         Unique values: 3                         Missing .: 2,731/3,609

            Tabulation: Freq.   Numeric  Label
                          340        93  Ever breastfed, not currently
                                         breastfeeding
                           60        94  Never breastfed
                          478        95  Still breastfeeding
                        2,731         .  

. 
. rename bflength bf_status // bf_status stands for status of breastfeeding

. label variable bf_status "Breastfeeding status" // adds a meaningful label

. 
. * Create a new categorical variable "bf_cat"
. generate bf_cat = . // generates bf_cat variable
(3,609 missing values generated)

. replace bf_cat = 0 if bf_status == 94
(60 real changes made)

. replace bf_cat = 1 if bf_status == 93
(340 real changes made)

. replace bf_cat = 2 if bf_status == 95
(478 real changes made)

. 
. * define bf_cat labels
. label define bf_lb ///
> 0 "Never breastfed" 1 "Ever breastfed, not currently breastfeeding" 2 "Still b
> reastfeeding"

. label values bf_cat bf_lb // adds variable values

. label variable bf_cat "Breastfeeding Status" // adds labels

. 
. *** Cleaning and recoding ch_residence (child's residence) variable
. 
. tabulate ch_residence // where the child lives is coded as 0 = respondent and 
> 4 = elsewhere

  Child'Lives With |
             Whom? |      Freq.     Percent        Cum.
-------------------+-----------------------------------
     0. respondent |      2,599       77.01       77.01
4. lives elsewhere |        776       22.99      100.00
-------------------+-----------------------------------
             Total |      3,375      100.00

. generate child_resid = . // generates child_resid variable
(3,609 missing values generated)

. 
. * replace entries with responses between 0 and 1
. replace child_resid = 0 if ch_residence == 0
(2,599 real changes made)

. replace child_resid = 1 if ch_residence == 4
(776 real changes made)

. 
. * define labels and add label values
. label define resid_lbl 0 "Mother" 1 "Elsewhere"

. label values child_resid resid_lbl

. label variable child_resid "Who Does the Child Live With?"

. * verify whether recoding is successful
. tabulate ch_residence child_resid, missing // recoding is successful

  Child'Lives With |  Who Does the Child Live With?
             Whom? |    Mother  Elsewhere          . |     Total
-------------------+---------------------------------+----------
     0. respondent |     2,599          0          0 |     2,599 
4. lives elsewhere |         0        776          0 |       776 
                 . |         0          0        234 |       234 
-------------------+---------------------------------+----------
             Total |     2,599        776        234 |     3,609 

. 
. 
. *** Cleaning and recoding the "location" variable
. 
. codebook location // coded as 1. Urban and 2. Rural. Recoded to 1 = Urban and 
> 0 = Rural

--------------------------------------------------------------------------------
location                                                                location
--------------------------------------------------------------------------------

                  Type: Numeric (double)
                 Label: v025

                 Range: [1,2]                         Units: 1
         Unique values: 2                         Missing .: 0/3,609

            Tabulation: Freq.   Numeric  Label
                          978         1  1. Urban
                        2,631         2  2. Rural

. generate flocation = . // generates new variable flocation
(3,609 missing values generated)

. 
. * recode observations
. replace flocation = 1 if location == 1
(978 real changes made)

. replace flocation = 0 if location == 2
(2,631 real changes made)

. 
. * create and add label values
. label define floc_lbl 1 "Urban" 0 "Rural"

. label values flocation floc_lbl

. 
. * verify whether recoding is successful
. tabulate location flocation, missing // recoding successful

           |       flocation
  location |     Rural      Urban |     Total
-----------+----------------------+----------
  1. Urban |         0        978 |       978 
  2. Rural |     2,631          0 |     2,631 
-----------+----------------------+----------
     Total |     2,631        978 |     3,609 

. * add labels
. label variable flocation "Famly Location (1 = Urban, 0 = Rural)"

. 
. 
. *** Cleaning and recoding wealth index variable
. 
. codebook wealth_index // checking wealth index details

--------------------------------------------------------------------------------
wealth_index                                              Household Wealth Index
--------------------------------------------------------------------------------

                  Type: Numeric (double)
                 Label: v190

                 Range: [1,5]                         Units: 1
         Unique values: 5                         Missing .: 0/3,609

            Tabulation: Freq.   Numeric  Label
                          927         1  1. Lowest
                          746         2  2. Second
                          747         3  3. Middle
                          619         4  4. Fourth
                          570         5  5. Highest

. 
. generate wl_index = . // generates a new wealth variable
(3,609 missing values generated)

. replace wl_index = 1 if wealth_index == 1
(927 real changes made)

. replace wl_index = 2 if wealth_index == 2
(746 real changes made)

. replace wl_index = 3 if wealth_index == 3
(747 real changes made)

. replace wl_index = 4 if wealth_index == 4
(619 real changes made)

. replace wl_index = 5 if wealth_index == 5
(570 real changes made)

. 
. * create and add labels
. label define wl_lbl 1 "Lowest" 2 "Second" 3 "Middle" 4 "Fourth" 5 "Highest"

. label values wl_index wl_lbl

. 
. * add a label to wl_index
. label variable wl_index "Family's Wealth Index"

. 
. * verify if recoding is successful
. tabulate wealth_index wl_index, missing // recoding successful

 Household |
    Wealth |                 Family's Wealth Index
     Index |    Lowest     Second     Middle     Fourth    Highest |     Total
-----------+-------------------------------------------------------+----------
 1. Lowest |       927          0          0          0          0 |       927 
 2. Second |         0        746          0          0          0 |       746 
 3. Middle |         0          0        747          0          0 |       747 
 4. Fourth |         0          0          0        619          0 |       619 
5. Highest |         0          0          0          0        570 |       570 
-----------+-------------------------------------------------------+----------
     Total |       927        746        747        619        570 |     3,609 

. 
. 
. *** Cleaning and recoding the water source variable
. tabulate water_source // check code details. There is a sentinal code 96 = Oth
> er, recoded to missing

               Source of drinking water |      Freq.     Percent        Cum.
----------------------------------------+-----------------------------------
                11. Piped into dwelling |         21        0.58        0.58
                 12. Piped to yard/plot |        168        4.66        5.24
                  13. Piped to neighbor |        259        7.18       12.42
               14. Public tap/standpipe |        213        5.91       18.33
              21. Tube well or borehole |      1,803       49.99       68.31
                     31. Protected well |        170        4.71       73.02
                   32. Unprotected well |        261        7.24       80.26
                   41. Protected spring |        302        8.37       88.63
                 42. Unprotected spring |         86        2.38       91.02
                          51. Rainwater |         35        0.97       91.99
                       61. Tanker truck |          8        0.22       92.21
             71. Bicycle with jerrycans |          7        0.19       92.40
81. Surface water (river/dam/ lake/pond |        254        7.04       99.45
                      91. Bottled water |         13        0.36       99.81
                       92. Sachet water |          6        0.17       99.97
                              96. Other |          1        0.03      100.00
----------------------------------------+-----------------------------------
                                  Total |      3,607      100.00

. replace water_source = . if water_source == 96
(1 real change made, 1 to missing)

. 
. generate wat_srce = . // generates a new water source variable 
(3,609 missing values generated)

. 
. * recode original entries
. replace wat_srce = 0 if water_source == 11
(21 real changes made)

. replace wat_srce = 1 if water_source == 12
(168 real changes made)

. replace wat_srce = 2 if water_source == 13
(259 real changes made)

. replace wat_srce = 3 if water_source == 14
(213 real changes made)

. replace wat_srce = 4 if water_source == 21
(1,803 real changes made)

. replace wat_srce = 5 if water_source == 31
(170 real changes made)

. replace wat_srce = 6 if water_source == 32
(261 real changes made)

. replace wat_srce = 7 if water_source == 41
(302 real changes made)

. replace wat_srce = 8 if water_source == 42
(86 real changes made)

. replace wat_srce = 9 if water_source == 51
(35 real changes made)

. replace wat_srce = 10 if water_source == 61
(8 real changes made)

. replace wat_srce = 11 if water_source == 71
(7 real changes made)

. replace wat_srce = 12 if water_source == 81
(254 real changes made)

. replace wat_srce = 13 if water_source == 91
(13 real changes made)

. replace wat_srce = 14 if water_source == 92
(6 real changes made)

. 
. * Create and add label values
. label define watr_lbl ///
> 0 "Piped into dwelling" ///
> 1 "Piped to plot" ///
> 2 "Piped to neigbor" ///
> 3 "Public tap" ///
> 4 "Borehole" ///
> 5 "Protected well" ///
> 6 "Unprotected well" ///
> 7 "Protected spring" ///
> 8 "Unprotected spring" ///
> 9 "Rainwater" ///
> 10 "Tanker truck" ///
> 11 "Bicycle with jerrycans" ///
> 12 "Surface water (river, dam, lake, pond)" ///
> 13 "Bottled water" ///
> 14 "Sachet water"

. label values wat_srce watr_lbl // adds label values

. 
. * add variable labels
. label variable wat_srce "Source of Water"

. 
. * verify if recoding is successful
. tabulate water_source wat_srce, missing // recoding successful

   Source of drinking |               Source of Water
                water | Piped int  Piped to   Piped to   Public ta |     Total
----------------------+--------------------------------------------+----------
11. Piped into dwelli |        21          0          0          0 |        21 
12. Piped to yard/plo |         0        168          0          0 |       168 
13. Piped to neighbor |         0          0        259          0 |       259 
14. Public tap/standp |         0          0          0        213 |       213 
21. Tube well or bore |         0          0          0          0 |     1,803 
   31. Protected well |         0          0          0          0 |       170 
 32. Unprotected well |         0          0          0          0 |       261 
 41. Protected spring |         0          0          0          0 |       302 
42. Unprotected sprin |         0          0          0          0 |        86 
        51. Rainwater |         0          0          0          0 |        35 
     61. Tanker truck |         0          0          0          0 |         8 
71. Bicycle with jerr |         0          0          0          0 |         7 
81. Surface water (ri |         0          0          0          0 |       254 
    91. Bottled water |         0          0          0          0 |        13 
     92. Sachet water |         0          0          0          0 |         6 
                    . |         0          0          0          0 |         3 
----------------------+--------------------------------------------+----------
                Total |        21        168        259        213 |     3,609 


   Source of drinking |               Source of Water
                water |  Borehole  Protected  Unprotect  Protected |     Total
----------------------+--------------------------------------------+----------
11. Piped into dwelli |         0          0          0          0 |        21 
12. Piped to yard/plo |         0          0          0          0 |       168 
13. Piped to neighbor |         0          0          0          0 |       259 
14. Public tap/standp |         0          0          0          0 |       213 
21. Tube well or bore |     1,803          0          0          0 |     1,803 
   31. Protected well |         0        170          0          0 |       170 
 32. Unprotected well |         0          0        261          0 |       261 
 41. Protected spring |         0          0          0        302 |       302 
42. Unprotected sprin |         0          0          0          0 |        86 
        51. Rainwater |         0          0          0          0 |        35 
     61. Tanker truck |         0          0          0          0 |         8 
71. Bicycle with jerr |         0          0          0          0 |         7 
81. Surface water (ri |         0          0          0          0 |       254 
    91. Bottled water |         0          0          0          0 |        13 
     92. Sachet water |         0          0          0          0 |         6 
                    . |         0          0          0          0 |         3 
----------------------+--------------------------------------------+----------
                Total |     1,803        170        261        302 |     3,609 


   Source of drinking |               Source of Water
                water | Unprotect  Rainwater  Tanker tr  Bicycle w |     Total
----------------------+--------------------------------------------+----------
11. Piped into dwelli |         0          0          0          0 |        21 
12. Piped to yard/plo |         0          0          0          0 |       168 
13. Piped to neighbor |         0          0          0          0 |       259 
14. Public tap/standp |         0          0          0          0 |       213 
21. Tube well or bore |         0          0          0          0 |     1,803 
   31. Protected well |         0          0          0          0 |       170 
 32. Unprotected well |         0          0          0          0 |       261 
 41. Protected spring |         0          0          0          0 |       302 
42. Unprotected sprin |        86          0          0          0 |        86 
        51. Rainwater |         0         35          0          0 |        35 
     61. Tanker truck |         0          0          8          0 |         8 
71. Bicycle with jerr |         0          0          0          7 |         7 
81. Surface water (ri |         0          0          0          0 |       254 
    91. Bottled water |         0          0          0          0 |        13 
     92. Sachet water |         0          0          0          0 |         6 
                    . |         0          0          0          0 |         3 
----------------------+--------------------------------------------+----------
                Total |        86         35          8          7 |     3,609 


   Source of drinking |               Source of Water
                water | Surface w  Bottled w  Sachet wa          . |     Total
----------------------+--------------------------------------------+----------
11. Piped into dwelli |         0          0          0          0 |        21 
12. Piped to yard/plo |         0          0          0          0 |       168 
13. Piped to neighbor |         0          0          0          0 |       259 
14. Public tap/standp |         0          0          0          0 |       213 
21. Tube well or bore |         0          0          0          0 |     1,803 
   31. Protected well |         0          0          0          0 |       170 
 32. Unprotected well |         0          0          0          0 |       261 
 41. Protected spring |         0          0          0          0 |       302 
42. Unprotected sprin |         0          0          0          0 |        86 
        51. Rainwater |         0          0          0          0 |        35 
     61. Tanker truck |         0          0          0          0 |         8 
71. Bicycle with jerr |         0          0          0          0 |         7 
81. Surface water (ri |       254          0          0          0 |       254 
    91. Bottled water |         0         13          0          0 |        13 
     92. Sachet water |         0          0          6          0 |         6 
                    . |         0          0          0          3 |         3 
----------------------+--------------------------------------------+----------
                Total |       254         13          6          3 |     3,609 

. 
. *** Cleaning and recoding meduc - mother's education
. codebook meduc

--------------------------------------------------------------------------------
meduc                                                Mother's Level of Education
--------------------------------------------------------------------------------

                  Type: Numeric (double)
                 Label: v106

                 Range: [0,3]                         Units: 1
         Unique values: 4                         Missing .: 0/3,609

            Tabulation: Freq.   Numeric  Label
                          513         0  0. No education
                        2,266         1  1. Primary
                          725         2  2. Secondary
                          105         3  3. Higher

. 
. generate medu_level = . // generates a new variable for mother's level of educ
> ation
(3,609 missing values generated)

. 
. * recode values
. replace medu_level = 0 if meduc == 0
(513 real changes made)

. replace medu_level = 1 if meduc == 1
(2,266 real changes made)

. replace medu_level = 2 if meduc == 2
(725 real changes made)

. replace medu_level = 3 if meduc == 3
(105 real changes made)

. 
. * create and add label values
. label define meduc_lbl ///
> 0 "No education" ///
> 1 "Primary" ///
> 2 "Secondary" ///
> 3 "Higher"

. label values medu_level meduc_lbl // adds variable values

. 
. * add a variable labels
. label variable medu_level "Mother's Educational Level"

. 
. * verify if recoding is successful
. tabulate meduc medu_level, missing // recoding is successful

 Mother's Level |         Mother's Educational Level
   of Education | No educat    Primary  Secondary     Higher |     Total
----------------+--------------------------------------------+----------
0. No education |       513          0          0          0 |       513 
     1. Primary |         0      2,266          0          0 |     2,266 
   2. Secondary |         0          0        725          0 |       725 
      3. Higher |         0          0          0        105 |       105 
----------------+--------------------------------------------+----------
          Total |       513      2,266        725        105 |     3,609 

. 
. *** Deleting variables that are recoded to new variables
. drop anc_visits child_alive gender bweight bf_status ch_residence location wea
> lth_index water_source meduc

. 
. *** save dataset
. save "output/dhs_cleaned.dta", replace
file output/dhs_cleaned.dta saved

. 
. log close // close the log file
      name:  <unnamed>
       log:  /Users/benson/Desktop/econ_analysis/health_analysis/output/dt_clean
> ing.log
  log type:  text
 closed on:   7 Apr 2026, 23:49:40
--------------------------------------------------------------------------------
